<?xml version="1.0" encoding="UTF-8"?>
<coverage generated="1536065907116" clover="3.2.0">
  <project timestamp="1536065907117" name="All files">
    <metrics statements="195" coveredstatements="192" conditionals="33" coveredconditionals="29" methods="46" coveredmethods="45" elements="274" coveredelements="266" complexity="0" loc="195" ncloc="195" packages="8" files="30" classes="30">
      <package name="redux-helpers">
        <metrics statements="84" coveredstatements="82" conditionals="14" coveredconditionals="12" methods="21" coveredmethods="21"/>
        <file name="action-type-creator.js" path="/Users/jason/personal/Development/redux-helpers/action-type-creator.js">
          <metrics statements="2" coveredstatements="2" conditionals="0" coveredconditionals="0" methods="2" coveredmethods="2"/>
          <line num="1" count="18" type="stmt"/>
          <line num="3" count="11" type="stmt"/>
        </file>
        <file name="create-action-creators.js" path="/Users/jason/personal/Development/redux-helpers/create-action-creators.js">
          <metrics statements="11" coveredstatements="10" conditionals="2" coveredconditionals="1" methods="2" coveredmethods="2"/>
          <line num="1" count="8" type="stmt"/>
          <line num="4" count="9" type="stmt"/>
          <line num="5" count="9" type="stmt"/>
          <line num="6" count="9" type="stmt"/>
          <line num="7" count="9" type="stmt"/>
          <line num="8" count="9" type="stmt"/>
          <line num="9" count="10" type="cond" truecount="1" falsecount="1"/>
          <line num="10" count="0" type="stmt"/>
          <line num="12" count="10" type="stmt"/>
          <line num="15" count="9" type="stmt"/>
          <line num="18" count="8" type="stmt"/>
        </file>
        <file name="create-lazy-reducer.js" path="/Users/jason/personal/Development/redux-helpers/create-lazy-reducer.js">
          <metrics statements="6" coveredstatements="6" conditionals="0" coveredconditionals="0" methods="1" coveredmethods="1"/>
          <line num="1" count="8" type="stmt"/>
          <line num="2" count="8" type="stmt"/>
          <line num="5" count="4" type="stmt"/>
          <line num="11" count="4" type="stmt"/>
          <line num="13" count="4" type="stmt"/>
          <line num="16" count="8" type="stmt"/>
        </file>
        <file name="create-lazy-store.js" path="/Users/jason/personal/Development/redux-helpers/create-lazy-store.js">
          <metrics statements="15" coveredstatements="15" conditionals="3" coveredconditionals="3" methods="5" coveredmethods="5"/>
          <line num="1" count="7" type="stmt"/>
          <line num="3" count="7" type="stmt"/>
          <line num="6" count="7" type="stmt"/>
          <line num="7" count="3" type="stmt"/>
          <line num="8" count="3" type="stmt"/>
          <line num="9" count="3" type="stmt"/>
          <line num="10" count="4" type="cond" truecount="2" falsecount="0"/>
          <line num="11" count="3" type="cond" truecount="1" falsecount="0"/>
          <line num="14" count="3" type="stmt"/>
          <line num="48" count="2" type="stmt"/>
          <line num="49" count="2" type="stmt"/>
          <line num="52" count="2" type="stmt"/>
          <line num="53" count="1" type="stmt"/>
          <line num="56" count="2" type="stmt"/>
          <line num="59" count="7" type="stmt"/>
        </file>
        <file name="create-reducer.js" path="/Users/jason/personal/Development/redux-helpers/create-reducer.js">
          <metrics statements="16" coveredstatements="16" conditionals="0" coveredconditionals="0" methods="2" coveredmethods="2"/>
          <line num="1" count="9" type="stmt"/>
          <line num="2" count="9" type="stmt"/>
          <line num="3" count="9" type="stmt"/>
          <line num="6" count="7" type="stmt"/>
          <line num="7" count="7" type="stmt"/>
          <line num="8" count="7" type="stmt"/>
          <line num="9" count="7" type="stmt"/>
          <line num="10" count="7" type="stmt"/>
          <line num="11" count="7" type="stmt"/>
          <line num="12" count="7" type="stmt"/>
          <line num="13" count="7" type="stmt"/>
          <line num="15" count="7" type="stmt"/>
          <line num="16" count="7" type="stmt"/>
          <line num="20" count="3" type="stmt"/>
          <line num="25" count="3" type="stmt"/>
          <line num="28" count="9" type="stmt"/>
        </file>
        <file name="create-slice-reducer.js" path="/Users/jason/personal/Development/redux-helpers/create-slice-reducer.js">
          <metrics statements="8" coveredstatements="7" conditionals="7" coveredconditionals="6" methods="2" coveredmethods="2"/>
          <line num="2" count="8" type="cond" truecount="1" falsecount="0"/>
          <line num="3" count="26" type="stmt"/>
          <line num="4" count="26" type="cond" truecount="1" falsecount="1"/>
          <line num="5" count="0" type="stmt"/>
          <line num="7" count="26" type="cond" truecount="4" falsecount="0"/>
          <line num="8" count="19" type="stmt"/>
          <line num="10" count="7" type="stmt"/>
          <line num="14" count="10" type="stmt"/>
        </file>
        <file name="create-store.js" path="/Users/jason/personal/Development/redux-helpers/create-store.js">
          <metrics statements="5" coveredstatements="5" conditionals="0" coveredconditionals="0" methods="1" coveredmethods="1"/>
          <line num="1" count="7" type="stmt"/>
          <line num="40" count="2" type="stmt"/>
          <line num="41" count="2" type="stmt"/>
          <line num="42" count="2" type="stmt"/>
          <line num="45" count="7" type="stmt"/>
        </file>
        <file name="fn-name-to-action-name.js" path="/Users/jason/personal/Development/redux-helpers/fn-name-to-action-name.js">
          <metrics statements="2" coveredstatements="2" conditionals="0" coveredconditionals="0" methods="2" coveredmethods="2"/>
          <line num="2" count="13" type="stmt"/>
          <line num="5" count="10" type="stmt"/>
        </file>
        <file name="index.js" path="/Users/jason/personal/Development/redux-helpers/index.js">
          <metrics statements="10" coveredstatements="10" conditionals="0" coveredconditionals="0" methods="0" coveredmethods="0"/>
          <line num="1" count="7" type="stmt"/>
          <line num="2" count="7" type="stmt"/>
          <line num="3" count="7" type="stmt"/>
          <line num="4" count="7" type="stmt"/>
          <line num="5" count="7" type="stmt"/>
          <line num="6" count="7" type="stmt"/>
          <line num="7" count="7" type="stmt"/>
          <line num="8" count="7" type="stmt"/>
          <line num="9" count="7" type="stmt"/>
          <line num="11" count="7" type="stmt"/>
        </file>
        <file name="reducer-registry.js" path="/Users/jason/personal/Development/redux-helpers/reducer-registry.js">
          <metrics statements="9" coveredstatements="9" conditionals="2" coveredconditionals="2" methods="4" coveredmethods="4"/>
          <line num="3" count="8" type="stmt"/>
          <line num="4" count="8" type="stmt"/>
          <line num="8" count="3" type="stmt"/>
          <line num="12" count="4" type="stmt"/>
          <line num="13" count="4" type="cond" truecount="2" falsecount="0"/>
          <line num="14" count="1" type="stmt"/>
          <line num="19" count="2" type="stmt"/>
          <line num="23" count="8" type="stmt"/>
          <line num="25" count="8" type="stmt"/>
        </file>
      </package>
      <package name="redux-helpers.app">
        <metrics statements="23" coveredstatements="23" conditionals="5" coveredconditionals="5" methods="4" coveredmethods="4"/>
        <file name="app.js" path="/Users/jason/personal/Development/redux-helpers/app/app.js">
          <metrics statements="11" coveredstatements="11" conditionals="2" coveredconditionals="2" methods="3" coveredmethods="3"/>
          <line num="1" count="1" type="stmt"/>
          <line num="2" count="1" type="stmt"/>
          <line num="4" count="1" type="stmt"/>
          <line num="5" count="1" type="stmt"/>
          <line num="7" count="1" type="stmt"/>
          <line num="8" count="2" type="stmt"/>
          <line num="10" count="1" type="stmt"/>
          <line num="14" count="1" type="stmt"/>
          <line num="18" count="2" type="cond" truecount="2" falsecount="0"/>
          <line num="22" count="1" type="stmt"/>
          <line num="27" count="1" type="stmt"/>
        </file>
        <file name="index.js" path="/Users/jason/personal/Development/redux-helpers/app/index.js">
          <metrics statements="12" coveredstatements="12" conditionals="3" coveredconditionals="3" methods="1" coveredmethods="1"/>
          <line num="1" count="1" type="stmt"/>
          <line num="2" count="1" type="stmt"/>
          <line num="3" count="1" type="stmt"/>
          <line num="4" count="1" type="stmt"/>
          <line num="5" count="1" type="stmt"/>
          <line num="7" count="1" type="stmt"/>
          <line num="9" count="1" type="stmt"/>
          <line num="10" count="1" type="stmt"/>
          <line num="13" count="1" type="cond" truecount="3" falsecount="0"/>
          <line num="17" count="1" type="stmt"/>
          <line num="22" count="1" type="stmt"/>
          <line num="24" count="1" type="stmt"/>
        </file>
      </package>
      <package name="redux-helpers.app-lazy-state">
        <metrics statements="24" coveredstatements="24" conditionals="5" coveredconditionals="5" methods="4" coveredmethods="4"/>
        <file name="app.js" path="/Users/jason/personal/Development/redux-helpers/app-lazy-state/app.js">
          <metrics statements="12" coveredstatements="12" conditionals="2" coveredconditionals="2" methods="3" coveredmethods="3"/>
          <line num="1" count="1" type="stmt"/>
          <line num="2" count="1" type="stmt"/>
          <line num="4" count="1" type="stmt"/>
          <line num="5" count="1" type="stmt"/>
          <line num="7" count="1" type="stmt"/>
          <line num="8" count="2" type="stmt"/>
          <line num="10" count="1" type="stmt"/>
          <line num="14" count="1" type="stmt"/>
          <line num="15" count="1" type="stmt"/>
          <line num="19" count="2" type="cond" truecount="2" falsecount="0"/>
          <line num="23" count="1" type="stmt"/>
          <line num="28" count="1" type="stmt"/>
        </file>
        <file name="index.js" path="/Users/jason/personal/Development/redux-helpers/app-lazy-state/index.js">
          <metrics statements="12" coveredstatements="12" conditionals="3" coveredconditionals="3" methods="1" coveredmethods="1"/>
          <line num="1" count="1" type="stmt"/>
          <line num="2" count="1" type="stmt"/>
          <line num="3" count="1" type="stmt"/>
          <line num="4" count="1" type="stmt"/>
          <line num="5" count="1" type="stmt"/>
          <line num="7" count="1" type="stmt"/>
          <line num="9" count="1" type="stmt"/>
          <line num="11" count="1" type="stmt"/>
          <line num="14" count="1" type="cond" truecount="3" falsecount="0"/>
          <line num="18" count="1" type="stmt"/>
          <line num="23" count="1" type="stmt"/>
          <line num="25" count="1" type="stmt"/>
        </file>
      </package>
      <package name="redux-helpers.app-lazy-state.state">
        <metrics statements="3" coveredstatements="3" conditionals="0" coveredconditionals="0" methods="0" coveredmethods="0"/>
        <file name="initial-state.js" path="/Users/jason/personal/Development/redux-helpers/app-lazy-state/state/initial-state.js">
          <metrics statements="3" coveredstatements="3" conditionals="0" coveredconditionals="0" methods="0" coveredmethods="0"/>
          <line num="1" count="1" type="stmt"/>
          <line num="2" count="1" type="stmt"/>
          <line num="4" count="1" type="stmt"/>
        </file>
      </package>
      <package name="redux-helpers.app-lazy-state.state.products">
        <metrics statements="17" coveredstatements="16" conditionals="0" coveredconditionals="0" methods="2" coveredmethods="1"/>
        <file name="actions.js" path="/Users/jason/personal/Development/redux-helpers/app-lazy-state/state/products/actions.js">
          <metrics statements="4" coveredstatements="4" conditionals="0" coveredconditionals="0" methods="0" coveredmethods="0"/>
          <line num="1" count="2" type="stmt"/>
          <line num="3" count="2" type="stmt"/>
          <line num="5" count="2" type="stmt"/>
          <line num="7" count="2" type="stmt"/>
        </file>
        <file name="index.js" path="/Users/jason/personal/Development/redux-helpers/app-lazy-state/state/products/index.js">
          <metrics statements="7" coveredstatements="7" conditionals="0" coveredconditionals="0" methods="0" coveredmethods="0"/>
          <line num="1" count="1" type="stmt"/>
          <line num="3" count="1" type="stmt"/>
          <line num="4" count="1" type="stmt"/>
          <line num="5" count="1" type="stmt"/>
          <line num="6" count="1" type="stmt"/>
          <line num="8" count="1" type="stmt"/>
          <line num="14" count="1" type="stmt"/>
        </file>
        <file name="initial-state.js" path="/Users/jason/personal/Development/redux-helpers/app-lazy-state/state/products/initial-state.js">
          <metrics statements="2" coveredstatements="2" conditionals="0" coveredconditionals="0" methods="0" coveredmethods="0"/>
          <line num="1" count="1" type="stmt"/>
          <line num="5" count="1" type="stmt"/>
        </file>
        <file name="reducer.js" path="/Users/jason/personal/Development/redux-helpers/app-lazy-state/state/products/reducer.js">
          <metrics statements="2" coveredstatements="2" conditionals="0" coveredconditionals="0" methods="1" coveredmethods="1"/>
          <line num="2" count="1" type="stmt"/>
          <line num="8" count="3" type="stmt"/>
        </file>
        <file name="selectors.js" path="/Users/jason/personal/Development/redux-helpers/app-lazy-state/state/products/selectors.js">
          <metrics statements="2" coveredstatements="1" conditionals="0" coveredconditionals="0" methods="1" coveredmethods="0"/>
          <line num="2" count="0" type="stmt"/>
          <line num="5" count="1" type="stmt"/>
        </file>
      </package>
      <package name="redux-helpers.app-lazy-state.state.session">
        <metrics statements="22" coveredstatements="22" conditionals="4" coveredconditionals="3" methods="7" coveredmethods="7"/>
        <file name="actions.js" path="/Users/jason/personal/Development/redux-helpers/app-lazy-state/state/session/actions.js">
          <metrics statements="7" coveredstatements="7" conditionals="0" coveredconditionals="0" methods="3" coveredmethods="3"/>
          <line num="1" count="3" type="stmt"/>
          <line num="3" count="3" type="stmt"/>
          <line num="5" count="3" type="stmt"/>
          <line num="7" count="3" type="stmt"/>
          <line num="8" count="3" type="stmt"/>
          <line num="9" count="3" type="stmt"/>
          <line num="13" count="3" type="stmt"/>
        </file>
        <file name="index.js" path="/Users/jason/personal/Development/redux-helpers/app-lazy-state/state/session/index.js">
          <metrics statements="7" coveredstatements="7" conditionals="0" coveredconditionals="0" methods="0" coveredmethods="0"/>
          <line num="1" count="2" type="stmt"/>
          <line num="3" count="2" type="stmt"/>
          <line num="4" count="2" type="stmt"/>
          <line num="5" count="2" type="stmt"/>
          <line num="6" count="2" type="stmt"/>
          <line num="8" count="2" type="stmt"/>
          <line num="14" count="2" type="stmt"/>
        </file>
        <file name="initial-state.js" path="/Users/jason/personal/Development/redux-helpers/app-lazy-state/state/session/initial-state.js">
          <metrics statements="2" coveredstatements="2" conditionals="0" coveredconditionals="0" methods="0" coveredmethods="0"/>
          <line num="1" count="2" type="stmt"/>
          <line num="5" count="2" type="stmt"/>
        </file>
        <file name="reducer.js" path="/Users/jason/personal/Development/redux-helpers/app-lazy-state/state/session/reducer.js">
          <metrics statements="2" coveredstatements="2" conditionals="0" coveredconditionals="0" methods="1" coveredmethods="1"/>
          <line num="2" count="3" type="stmt"/>
          <line num="8" count="4" type="stmt"/>
        </file>
        <file name="selectors.js" path="/Users/jason/personal/Development/redux-helpers/app-lazy-state/state/session/selectors.js">
          <metrics statements="4" coveredstatements="4" conditionals="4" coveredconditionals="3" methods="3" coveredmethods="3"/>
          <line num="2" count="2" type="cond" truecount="1" falsecount="1"/>
          <line num="6" count="2" type="cond" truecount="2" falsecount="0"/>
          <line num="10" count="2" type="stmt"/>
          <line num="13" count="2" type="stmt"/>
        </file>
      </package>
      <package name="redux-helpers.app.state">
        <metrics statements="2" coveredstatements="2" conditionals="1" coveredconditionals="1" methods="1" coveredmethods="1"/>
        <file name="logger.js" path="/Users/jason/personal/Development/redux-helpers/app/state/logger.js">
          <metrics statements="2" coveredstatements="2" conditionals="1" coveredconditionals="1" methods="1" coveredmethods="1"/>
          <line num="1" count="1" type="cond" truecount="1" falsecount="0"/>
          <line num="4" count="4" type="stmt"/>
        </file>
      </package>
      <package name="redux-helpers.app.state.session">
        <metrics statements="20" coveredstatements="20" conditionals="4" coveredconditionals="3" methods="7" coveredmethods="7"/>
        <file name="actions.js" path="/Users/jason/personal/Development/redux-helpers/app/state/session/actions.js">
          <metrics statements="7" coveredstatements="7" conditionals="0" coveredconditionals="0" methods="3" coveredmethods="3"/>
          <line num="1" count="3" type="stmt"/>
          <line num="3" count="3" type="stmt"/>
          <line num="5" count="3" type="stmt"/>
          <line num="7" count="3" type="stmt"/>
          <line num="8" count="3" type="stmt"/>
          <line num="9" count="3" type="stmt"/>
          <line num="13" count="3" type="stmt"/>
        </file>
        <file name="index.js" path="/Users/jason/personal/Development/redux-helpers/app/state/session/index.js">
          <metrics statements="7" coveredstatements="7" conditionals="0" coveredconditionals="0" methods="0" coveredmethods="0"/>
          <line num="1" count="2" type="stmt"/>
          <line num="3" count="2" type="stmt"/>
          <line num="4" count="2" type="stmt"/>
          <line num="5" count="2" type="stmt"/>
          <line num="7" count="2" type="stmt"/>
          <line num="11" count="2" type="stmt"/>
          <line num="13" count="2" type="stmt"/>
        </file>
        <file name="reducer.js" path="/Users/jason/personal/Development/redux-helpers/app/state/session/reducer.js">
          <metrics statements="2" coveredstatements="2" conditionals="0" coveredconditionals="0" methods="1" coveredmethods="1"/>
          <line num="2" count="3" type="stmt"/>
          <line num="8" count="4" type="stmt"/>
        </file>
        <file name="selectors.js" path="/Users/jason/personal/Development/redux-helpers/app/state/session/selectors.js">
          <metrics statements="4" coveredstatements="4" conditionals="4" coveredconditionals="3" methods="3" coveredmethods="3"/>
          <line num="2" count="2" type="cond" truecount="1" falsecount="1"/>
          <line num="6" count="2" type="cond" truecount="2" falsecount="0"/>
          <line num="10" count="2" type="stmt"/>
          <line num="13" count="2" type="stmt"/>
        </file>
      </package>
    </metrics>
  </project>
</coverage>
