{"/Users/jason/personal/Development/redux-helpers/action-type-creator.js": {"path":"/Users/jason/personal/Development/redux-helpers/action-type-creator.js","statementMap":{"0":{"start":{"line":1,"column":26},"end":{"line":1,"column":77}},"1":{"start":{"line":1,"column":41},"end":{"line":1,"column":77}},"2":{"start":{"line":1,"column":49},"end":{"line":1,"column":77}},"3":{"start":{"line":3,"column":0},"end":{"line":3,"column":39}}},"fnMap":{"0":{"name":"(anonymous_0)","decl":{"start":{"line":1,"column":26},"end":{"line":1,"column":27}},"loc":{"start":{"line":1,"column":41},"end":{"line":1,"column":77}},"line":1},"1":{"name":"(anonymous_1)","decl":{"start":{"line":1,"column":41},"end":{"line":1,"column":42}},"loc":{"start":{"line":1,"column":49},"end":{"line":1,"column":77}},"line":1}},"branchMap":{},"s":{"0":11,"1":18,"2":17,"3":11},"f":{"0":18,"1":17},"b":{},"_coverageSchema":"332fd63041d2c1bcb487cc26dd0d5f7d97098a6c","hash":"1df89f9a2c115182d9b794fc736d8a3d5a89a500"}
,"/Users/jason/personal/Development/redux-helpers/create-action-creators.js": {"path":"/Users/jason/personal/Development/redux-helpers/create-action-creators.js","statementMap":{"0":{"start":{"line":1,"column":30},"end":{"line":1,"column":62}},"1":{"start":{"line":4,"column":27},"end":{"line":4,"column":60}},"2":{"start":{"line":5,"column":18},"end":{"line":5,"column":20}},"3":{"start":{"line":6,"column":2},"end":{"line":14,"column":3}},"4":{"start":{"line":7,"column":18},"end":{"line":7,"column":42}},"5":{"start":{"line":8,"column":4},"end":{"line":13,"column":6}},"6":{"start":{"line":9,"column":6},"end":{"line":11,"column":7}},"7":{"start":{"line":10,"column":8},"end":{"line":10,"column":53}},"8":{"start":{"line":12,"column":6},"end":{"line":12,"column":38}},"9":{"start":{"line":15,"column":2},"end":{"line":15,"column":17}},"10":{"start":{"line":18,"column":0},"end":{"line":18,"column":42}}},"fnMap":{"0":{"name":"createActionCreators","decl":{"start":{"line":3,"column":9},"end":{"line":3,"column":29}},"loc":{"start":{"line":3,"column":51},"end":{"line":16,"column":1}},"line":3},"1":{"name":"(anonymous_1)","decl":{"start":{"line":8,"column":22},"end":{"line":8,"column":23}},"loc":{"start":{"line":8,"column":33},"end":{"line":13,"column":5}},"line":8}},"branchMap":{"0":{"loc":{"start":{"line":9,"column":6},"end":{"line":11,"column":7}},"type":"if","locations":[{"start":{"line":9,"column":6},"end":{"line":11,"column":7}},{"start":{"line":9,"column":6},"end":{"line":11,"column":7}}],"line":9}},"s":{"0":8,"1":9,"2":9,"3":9,"4":9,"5":9,"6":10,"7":0,"8":10,"9":9,"10":8},"f":{"0":9,"1":10},"b":{"0":[0,10]},"_coverageSchema":"332fd63041d2c1bcb487cc26dd0d5f7d97098a6c","hash":"71c52250682a740ccb14362300d0ff992f739c4a"}
,"/Users/jason/personal/Development/redux-helpers/create-lazy-reducer.js": {"path":"/Users/jason/personal/Development/redux-helpers/create-lazy-reducer.js","statementMap":{"0":{"start":{"line":1,"column":28},"end":{"line":1,"column":57}},"1":{"start":{"line":2,"column":37},"end":{"line":2,"column":64}},"2":{"start":{"line":5,"column":35},"end":{"line":9,"column":3}},"3":{"start":{"line":11,"column":2},"end":{"line":11,"column":42}},"4":{"start":{"line":13,"column":2},"end":{"line":13,"column":37}},"5":{"start":{"line":16,"column":0},"end":{"line":16,"column":39}}},"fnMap":{"0":{"name":"createLazyReducer","decl":{"start":{"line":4,"column":9},"end":{"line":4,"column":26}},"loc":{"start":{"line":4,"column":52},"end":{"line":14,"column":1}},"line":4}},"branchMap":{},"s":{"0":8,"1":8,"2":4,"3":4,"4":4,"5":8},"f":{"0":4},"b":{},"_coverageSchema":"332fd63041d2c1bcb487cc26dd0d5f7d97098a6c","hash":"3ed6a0b5326249864891d45813d9fb378e8334dd"}
,"/Users/jason/personal/Development/redux-helpers/create-lazy-store.js": {"path":"/Users/jason/personal/Development/redux-helpers/create-lazy-store.js","statementMap":{"0":{"start":{"line":1,"column":59},"end":{"line":1,"column":75}},"1":{"start":{"line":3,"column":28},"end":{"line":3,"column":57}},"2":{"start":{"line":6,"column":16},"end":{"line":15,"column":1}},"3":{"start":{"line":7,"column":23},"end":{"line":7,"column":44}},"4":{"start":{"line":8,"column":2},"end":{"line":8,"column":46}},"5":{"start":{"line":9,"column":2},"end":{"line":13,"column":5}},"6":{"start":{"line":10,"column":4},"end":{"line":12,"column":5}},"7":{"start":{"line":11,"column":6},"end":{"line":11,"column":61}},"8":{"start":{"line":11,"column":55},"end":{"line":11,"column":60}},"9":{"start":{"line":14,"column":2},"end":{"line":14,"column":35}},"10":{"start":{"line":48,"column":18},"end":{"line":48,"column":70}},"11":{"start":{"line":49,"column":16},"end":{"line":49,"column":66}},"12":{"start":{"line":52,"column":2},"end":{"line":54,"column":5}},"13":{"start":{"line":53,"column":4},"end":{"line":53,"column":58}},"14":{"start":{"line":56,"column":2},"end":{"line":56,"column":15}},"15":{"start":{"line":59,"column":0},"end":{"line":59,"column":37}}},"fnMap":{"0":{"name":"(anonymous_0)","decl":{"start":{"line":6,"column":16},"end":{"line":6,"column":17}},"loc":{"start":{"line":6,"column":44},"end":{"line":15,"column":1}},"line":6},"1":{"name":"(anonymous_1)","decl":{"start":{"line":9,"column":36},"end":{"line":9,"column":37}},"loc":{"start":{"line":9,"column":44},"end":{"line":13,"column":3}},"line":9},"2":{"name":"(anonymous_2)","decl":{"start":{"line":11,"column":23},"end":{"line":11,"column":24}},"loc":{"start":{"line":11,"column":55},"end":{"line":11,"column":60}},"line":11},"3":{"name":"createLazyStore","decl":{"start":{"line":47,"column":9},"end":{"line":47,"column":24}},"loc":{"start":{"line":47,"column":50},"end":{"line":57,"column":1}},"line":47},"4":{"name":"(anonymous_4)","decl":{"start":{"line":52,"column":36},"end":{"line":52,"column":37}},"loc":{"start":{"line":52,"column":48},"end":{"line":54,"column":3}},"line":52}},"branchMap":{"0":{"loc":{"start":{"line":10,"column":4},"end":{"line":12,"column":5}},"type":"if","locations":[{"start":{"line":10,"column":4},"end":{"line":12,"column":5}},{"start":{"line":10,"column":4},"end":{"line":12,"column":5}}],"line":10},"1":{"loc":{"start":{"line":11,"column":24},"end":{"line":11,"column":50}},"type":"default-arg","locations":[{"start":{"line":11,"column":32},"end":{"line":11,"column":50}}],"line":11}},"s":{"0":7,"1":7,"2":7,"3":3,"4":3,"5":3,"6":4,"7":1,"8":3,"9":3,"10":2,"11":2,"12":2,"13":1,"14":2,"15":7},"f":{"0":3,"1":4,"2":3,"3":2,"4":1},"b":{"0":[1,3],"1":[2]},"_coverageSchema":"332fd63041d2c1bcb487cc26dd0d5f7d97098a6c","hash":"c9626745346821bab70947fb17ac34d0e07c7c9a"}
,"/Users/jason/personal/Development/redux-helpers/create-reducer.js": {"path":"/Users/jason/personal/Development/redux-helpers/create-reducer.js","statementMap":{"0":{"start":{"line":1,"column":30},"end":{"line":1,"column":62}},"1":{"start":{"line":2,"column":31},"end":{"line":2,"column":64}},"2":{"start":{"line":3,"column":31},"end":{"line":3,"column":66}},"3":{"start":{"line":6,"column":27},"end":{"line":6,"column":50}},"4":{"start":{"line":7,"column":22},"end":{"line":7,"column":24}},"5":{"start":{"line":8,"column":19},"end":{"line":8,"column":21}},"6":{"start":{"line":9,"column":2},"end":{"line":14,"column":3}},"7":{"start":{"line":10,"column":23},"end":{"line":10,"column":47}},"8":{"start":{"line":11,"column":23},"end":{"line":11,"column":49}},"9":{"start":{"line":12,"column":4},"end":{"line":12,"column":41}},"10":{"start":{"line":13,"column":4},"end":{"line":13,"column":39}},"11":{"start":{"line":15,"column":18},"end":{"line":15,"column":60}},"12":{"start":{"line":16,"column":2},"end":{"line":16,"column":34}},"13":{"start":{"line":20,"column":35},"end":{"line":24,"column":3}},"14":{"start":{"line":25,"column":2},"end":{"line":25,"column":37}},"15":{"start":{"line":28,"column":0},"end":{"line":28,"column":61}}},"fnMap":{"0":{"name":"getReducerAndActionTypes","decl":{"start":{"line":5,"column":9},"end":{"line":5,"column":33}},"loc":{"start":{"line":5,"column":59},"end":{"line":17,"column":1}},"line":5},"1":{"name":"createReducer","decl":{"start":{"line":19,"column":9},"end":{"line":19,"column":22}},"loc":{"start":{"line":19,"column":48},"end":{"line":26,"column":1}},"line":19}},"branchMap":{},"s":{"0":9,"1":9,"2":9,"3":7,"4":7,"5":7,"6":7,"7":7,"8":7,"9":7,"10":7,"11":7,"12":7,"13":3,"14":3,"15":9},"f":{"0":7,"1":3},"b":{},"_coverageSchema":"332fd63041d2c1bcb487cc26dd0d5f7d97098a6c","hash":"775c3e32cb39f9fd26e271d8e9b2c4928f41f237"}
,"/Users/jason/personal/Development/redux-helpers/create-slice-reducer.js": {"path":"/Users/jason/personal/Development/redux-helpers/create-slice-reducer.js","statementMap":{"0":{"start":{"line":2,"column":2},"end":{"line":11,"column":4}},"1":{"start":{"line":3,"column":4},"end":{"line":3,"column":41}},"2":{"start":{"line":4,"column":4},"end":{"line":6,"column":5}},"3":{"start":{"line":5,"column":6},"end":{"line":5,"column":26}},"4":{"start":{"line":7,"column":4},"end":{"line":9,"column":5}},"5":{"start":{"line":8,"column":6},"end":{"line":8,"column":19}},"6":{"start":{"line":10,"column":4},"end":{"line":10,"column":64}},"7":{"start":{"line":14,"column":0},"end":{"line":14,"column":40}}},"fnMap":{"0":{"name":"createSliceReducer","decl":{"start":{"line":1,"column":9},"end":{"line":1,"column":27}},"loc":{"start":{"line":1,"column":60},"end":{"line":12,"column":1}},"line":1},"1":{"name":"reducer","decl":{"start":{"line":2,"column":18},"end":{"line":2,"column":25}},"loc":{"start":{"line":2,"column":60},"end":{"line":11,"column":3}},"line":2}},"branchMap":{"0":{"loc":{"start":{"line":2,"column":26},"end":{"line":2,"column":46}},"type":"default-arg","locations":[{"start":{"line":2,"column":34},"end":{"line":2,"column":46}}],"line":2},"1":{"loc":{"start":{"line":4,"column":4},"end":{"line":6,"column":5}},"type":"if","locations":[{"start":{"line":4,"column":4},"end":{"line":6,"column":5}},{"start":{"line":4,"column":4},"end":{"line":6,"column":5}}],"line":4},"2":{"loc":{"start":{"line":7,"column":4},"end":{"line":9,"column":5}},"type":"if","locations":[{"start":{"line":7,"column":4},"end":{"line":9,"column":5}},{"start":{"line":7,"column":4},"end":{"line":9,"column":5}}],"line":7},"3":{"loc":{"start":{"line":7,"column":10},"end":{"line":7,"column":57}},"type":"binary-expr","locations":[{"start":{"line":7,"column":10},"end":{"line":7,"column":20}},{"start":{"line":7,"column":24},"end":{"line":7,"column":57}}],"line":7}},"s":{"0":8,"1":26,"2":26,"3":0,"4":26,"5":19,"6":7,"7":10},"f":{"0":8,"1":26},"b":{"0":[15],"1":[0,26],"2":[19,7],"3":[26,26]},"_coverageSchema":"332fd63041d2c1bcb487cc26dd0d5f7d97098a6c","hash":"4b4272cb69859c2a9f3969fa868f5dde16deb789"}
,"/Users/jason/personal/Development/redux-helpers/create-store.js": {"path":"/Users/jason/personal/Development/redux-helpers/create-store.js","statementMap":{"0":{"start":{"line":1,"column":59},"end":{"line":1,"column":75}},"1":{"start":{"line":40,"column":18},"end":{"line":40,"column":50}},"2":{"start":{"line":41,"column":16},"end":{"line":41,"column":59}},"3":{"start":{"line":42,"column":2},"end":{"line":42,"column":15}},"4":{"start":{"line":45,"column":0},"end":{"line":45,"column":33}}},"fnMap":{"0":{"name":"createStore","decl":{"start":{"line":39,"column":9},"end":{"line":39,"column":20}},"loc":{"start":{"line":39,"column":49},"end":{"line":43,"column":1}},"line":39}},"branchMap":{},"s":{"0":7,"1":2,"2":2,"3":2,"4":7},"f":{"0":2},"b":{},"_coverageSchema":"332fd63041d2c1bcb487cc26dd0d5f7d97098a6c","hash":"1500b7451439894cc01b408875e9162c8545f844"}
,"/Users/jason/personal/Development/redux-helpers/fn-name-to-action-name.js": {"path":"/Users/jason/personal/Development/redux-helpers/fn-name-to-action-name.js","statementMap":{"0":{"start":{"line":2,"column":2},"end":{"line":2,"column":65}},"1":{"start":{"line":2,"column":39},"end":{"line":2,"column":49}},"2":{"start":{"line":5,"column":0},"end":{"line":5,"column":40}}},"fnMap":{"0":{"name":"fnNameToActionName","decl":{"start":{"line":1,"column":9},"end":{"line":1,"column":27}},"loc":{"start":{"line":1,"column":34},"end":{"line":3,"column":1}},"line":1},"1":{"name":"(anonymous_1)","decl":{"start":{"line":2,"column":34},"end":{"line":2,"column":35}},"loc":{"start":{"line":2,"column":39},"end":{"line":2,"column":49}},"line":2}},"branchMap":{},"s":{"0":11,"1":13,"2":10},"f":{"0":11,"1":13},"b":{},"_coverageSchema":"332fd63041d2c1bcb487cc26dd0d5f7d97098a6c","hash":"86a827db0fcd3dbff51601627df6181a7bd006de"}
,"/Users/jason/personal/Development/redux-helpers/index.js": {"path":"/Users/jason/personal/Development/redux-helpers/index.js","statementMap":{"0":{"start":{"line":1,"column":30},"end":{"line":1,"column":62}},"1":{"start":{"line":2,"column":33},"end":{"line":2,"column":68}},"2":{"start":{"line":3,"column":30},"end":{"line":3,"column":62}},"3":{"start":{"line":4,"column":26},"end":{"line":4,"column":53}},"4":{"start":{"line":5,"column":31},"end":{"line":5,"column":64}},"5":{"start":{"line":6,"column":24},"end":{"line":6,"column":49}},"6":{"start":{"line":7,"column":28},"end":{"line":7,"column":58}},"7":{"start":{"line":8,"column":31},"end":{"line":8,"column":66}},"8":{"start":{"line":9,"column":28},"end":{"line":9,"column":57}},"9":{"start":{"line":11,"column":0},"end":{"line":21,"column":2}}},"fnMap":{},"branchMap":{},"s":{"0":7,"1":7,"2":7,"3":7,"4":7,"5":7,"6":7,"7":7,"8":7,"9":7},"f":{},"b":{},"_coverageSchema":"332fd63041d2c1bcb487cc26dd0d5f7d97098a6c","hash":"7a42e4d206e69124b2b0400ae48d9181182effab"}
,"/Users/jason/personal/Development/redux-helpers/reducer-registry.js": {"path":"/Users/jason/personal/Development/redux-helpers/reducer-registry.js","statementMap":{"0":{"start":{"line":3,"column":4},"end":{"line":3,"column":28}},"1":{"start":{"line":4,"column":4},"end":{"line":4,"column":24}},"2":{"start":{"line":8,"column":4},"end":{"line":8,"column":33}},"3":{"start":{"line":12,"column":4},"end":{"line":12,"column":60}},"4":{"start":{"line":13,"column":4},"end":{"line":15,"column":5}},"5":{"start":{"line":14,"column":6},"end":{"line":14,"column":43}},"6":{"start":{"line":19,"column":4},"end":{"line":19,"column":32}},"7":{"start":{"line":23,"column":24},"end":{"line":23,"column":45}},"8":{"start":{"line":25,"column":0},"end":{"line":25,"column":37}}},"fnMap":{"0":{"name":"(anonymous_0)","decl":{"start":{"line":2,"column":2},"end":{"line":2,"column":3}},"loc":{"start":{"line":2,"column":16},"end":{"line":5,"column":3}},"line":2},"1":{"name":"(anonymous_1)","decl":{"start":{"line":7,"column":2},"end":{"line":7,"column":3}},"loc":{"start":{"line":7,"column":16},"end":{"line":9,"column":3}},"line":7},"2":{"name":"(anonymous_2)","decl":{"start":{"line":11,"column":2},"end":{"line":11,"column":3}},"loc":{"start":{"line":11,"column":26},"end":{"line":16,"column":3}},"line":11},"3":{"name":"(anonymous_3)","decl":{"start":{"line":18,"column":2},"end":{"line":18,"column":3}},"loc":{"start":{"line":18,"column":30},"end":{"line":20,"column":3}},"line":18}},"branchMap":{"0":{"loc":{"start":{"line":13,"column":4},"end":{"line":15,"column":5}},"type":"if","locations":[{"start":{"line":13,"column":4},"end":{"line":15,"column":5}},{"start":{"line":13,"column":4},"end":{"line":15,"column":5}}],"line":13}},"s":{"0":8,"1":8,"2":3,"3":4,"4":4,"5":1,"6":2,"7":8,"8":8},"f":{"0":8,"1":3,"2":4,"3":2},"b":{"0":[1,3]},"_coverageSchema":"332fd63041d2c1bcb487cc26dd0d5f7d97098a6c","hash":"8339d8d8dbd4c6dd0dd1c8ae048b2ff134a730e6"}
,"/Users/jason/personal/Development/redux-helpers/app/app.js": {"path":"/Users/jason/personal/Development/redux-helpers/app/app.js","statementMap":{"0":{"start":{"line":1,"column":25},"end":{"line":1,"column":42}},"1":{"start":{"line":2,"column":20},"end":{"line":2,"column":43}},"2":{"start":{"line":4,"column":20},"end":{"line":4,"column":54}},"3":{"start":{"line":5,"column":25},"end":{"line":5,"column":61}},"4":{"start":{"line":7,"column":24},"end":{"line":9,"column":1}},"5":{"start":{"line":8,"column":2},"end":{"line":8,"column":44}},"6":{"start":{"line":10,"column":26},"end":{"line":10,"column":50}},"7":{"start":{"line":14,"column":4},"end":{"line":14,"column":23}},"8":{"start":{"line":18,"column":4},"end":{"line":18,"column":54}},"9":{"start":{"line":22,"column":18},"end":{"line":25,"column":1}},"10":{"start":{"line":27,"column":0},"end":{"line":27,"column":32}}},"fnMap":{"0":{"name":"(anonymous_0)","decl":{"start":{"line":7,"column":24},"end":{"line":7,"column":25}},"loc":{"start":{"line":7,"column":33},"end":{"line":9,"column":1}},"line":7},"1":{"name":"(anonymous_1)","decl":{"start":{"line":13,"column":2},"end":{"line":13,"column":3}},"loc":{"start":{"line":13,"column":22},"end":{"line":15,"column":3}},"line":13},"2":{"name":"(anonymous_2)","decl":{"start":{"line":17,"column":2},"end":{"line":17,"column":3}},"loc":{"start":{"line":17,"column":24},"end":{"line":19,"column":3}},"line":17}},"branchMap":{"0":{"loc":{"start":{"line":18,"column":35},"end":{"line":18,"column":50}},"type":"binary-expr","locations":[{"start":{"line":18,"column":35},"end":{"line":18,"column":44}},{"start":{"line":18,"column":48},"end":{"line":18,"column":50}}],"line":18}},"s":{"0":1,"1":1,"2":1,"3":1,"4":1,"5":2,"6":1,"7":1,"8":2,"9":1,"10":1},"f":{"0":2,"1":1,"2":2},"b":{"0":[2,1]},"_coverageSchema":"332fd63041d2c1bcb487cc26dd0d5f7d97098a6c","hash":"e47be2b3e1ececa32e731e5508d6631945d9eea7"}
,"/Users/jason/personal/Development/redux-helpers/app/index.js": {"path":"/Users/jason/personal/Development/redux-helpers/app/index.js","statementMap":{"0":{"start":{"line":1,"column":14},"end":{"line":1,"column":31}},"1":{"start":{"line":2,"column":21},"end":{"line":2,"column":44}},"2":{"start":{"line":3,"column":37},"end":{"line":3,"column":53}},"3":{"start":{"line":4,"column":24},"end":{"line":4,"column":50}},"4":{"start":{"line":5,"column":14},"end":{"line":5,"column":36}},"5":{"start":{"line":7,"column":12},"end":{"line":7,"column":28}},"6":{"start":{"line":9,"column":29},"end":{"line":9,"column":55}},"7":{"start":{"line":10,"column":15},"end":{"line":10,"column":40}},"8":{"start":{"line":13,"column":2},"end":{"line":15,"column":9}},"9":{"start":{"line":17,"column":14},"end":{"line":20,"column":1}},"10":{"start":{"line":22,"column":21},"end":{"line":22,"column":57}},"11":{"start":{"line":22,"column":27},"end":{"line":22,"column":57}},"12":{"start":{"line":24,"column":0},"end":{"line":24,"column":30}}},"fnMap":{"0":{"name":"(anonymous_0)","decl":{"start":{"line":22,"column":21},"end":{"line":22,"column":22}},"loc":{"start":{"line":22,"column":27},"end":{"line":22,"column":57}},"line":22}},"branchMap":{"0":{"loc":{"start":{"line":13,"column":2},"end":{"line":15,"column":9}},"type":"binary-expr","locations":[{"start":{"line":13,"column":3},"end":{"line":13,"column":32}},{"start":{"line":14,"column":4},"end":{"line":14,"column":47}},{"start":{"line":15,"column":2},"end":{"line":15,"column":9}}],"line":13}},"s":{"0":1,"1":1,"2":1,"3":1,"4":1,"5":1,"6":1,"7":1,"8":1,"9":1,"10":1,"11":1,"12":1},"f":{"0":1},"b":{"0":[1,1,1]},"_coverageSchema":"332fd63041d2c1bcb487cc26dd0d5f7d97098a6c","hash":"ba18391101493e3f7af246d4333545009d4620b0"}
,"/Users/jason/personal/Development/redux-helpers/app-lazy-state/app.js": {"path":"/Users/jason/personal/Development/redux-helpers/app-lazy-state/app.js","statementMap":{"0":{"start":{"line":1,"column":25},"end":{"line":1,"column":42}},"1":{"start":{"line":2,"column":20},"end":{"line":2,"column":43}},"2":{"start":{"line":4,"column":20},"end":{"line":4,"column":54}},"3":{"start":{"line":5,"column":25},"end":{"line":5,"column":61}},"4":{"start":{"line":7,"column":24},"end":{"line":9,"column":1}},"5":{"start":{"line":8,"column":2},"end":{"line":8,"column":44}},"6":{"start":{"line":10,"column":26},"end":{"line":10,"column":50}},"7":{"start":{"line":14,"column":4},"end":{"line":14,"column":23}},"8":{"start":{"line":15,"column":4},"end":{"line":15,"column":32}},"9":{"start":{"line":19,"column":4},"end":{"line":19,"column":54}},"10":{"start":{"line":23,"column":18},"end":{"line":26,"column":1}},"11":{"start":{"line":28,"column":0},"end":{"line":28,"column":32}}},"fnMap":{"0":{"name":"(anonymous_0)","decl":{"start":{"line":7,"column":24},"end":{"line":7,"column":25}},"loc":{"start":{"line":7,"column":33},"end":{"line":9,"column":1}},"line":7},"1":{"name":"(anonymous_1)","decl":{"start":{"line":13,"column":2},"end":{"line":13,"column":3}},"loc":{"start":{"line":13,"column":22},"end":{"line":16,"column":3}},"line":13},"2":{"name":"(anonymous_2)","decl":{"start":{"line":18,"column":2},"end":{"line":18,"column":3}},"loc":{"start":{"line":18,"column":24},"end":{"line":20,"column":3}},"line":18}},"branchMap":{"0":{"loc":{"start":{"line":19,"column":35},"end":{"line":19,"column":50}},"type":"binary-expr","locations":[{"start":{"line":19,"column":35},"end":{"line":19,"column":44}},{"start":{"line":19,"column":48},"end":{"line":19,"column":50}}],"line":19}},"s":{"0":1,"1":1,"2":1,"3":1,"4":1,"5":2,"6":1,"7":1,"8":1,"9":2,"10":1,"11":1},"f":{"0":2,"1":1,"2":2},"b":{"0":[2,1]},"_coverageSchema":"332fd63041d2c1bcb487cc26dd0d5f7d97098a6c","hash":"03771d122e9d5886b27977d4836063dc9af5841a"}
,"/Users/jason/personal/Development/redux-helpers/app-lazy-state/index.js": {"path":"/Users/jason/personal/Development/redux-helpers/app-lazy-state/index.js","statementMap":{"0":{"start":{"line":1,"column":14},"end":{"line":1,"column":31}},"1":{"start":{"line":2,"column":21},"end":{"line":2,"column":44}},"2":{"start":{"line":3,"column":37},"end":{"line":3,"column":53}},"3":{"start":{"line":4,"column":28},"end":{"line":4,"column":42}},"4":{"start":{"line":5,"column":14},"end":{"line":5,"column":36}},"5":{"start":{"line":7,"column":12},"end":{"line":7,"column":28}},"6":{"start":{"line":9,"column":21},"end":{"line":9,"column":53}},"7":{"start":{"line":11,"column":0},"end":{"line":11,"column":27}},"8":{"start":{"line":14,"column":2},"end":{"line":16,"column":9}},"9":{"start":{"line":18,"column":14},"end":{"line":21,"column":1}},"10":{"start":{"line":23,"column":21},"end":{"line":23,"column":57}},"11":{"start":{"line":23,"column":27},"end":{"line":23,"column":57}},"12":{"start":{"line":25,"column":0},"end":{"line":25,"column":41}}},"fnMap":{"0":{"name":"(anonymous_0)","decl":{"start":{"line":23,"column":21},"end":{"line":23,"column":22}},"loc":{"start":{"line":23,"column":27},"end":{"line":23,"column":57}},"line":23}},"branchMap":{"0":{"loc":{"start":{"line":14,"column":2},"end":{"line":16,"column":9}},"type":"binary-expr","locations":[{"start":{"line":14,"column":3},"end":{"line":14,"column":32}},{"start":{"line":15,"column":4},"end":{"line":15,"column":47}},{"start":{"line":16,"column":2},"end":{"line":16,"column":9}}],"line":14}},"s":{"0":1,"1":1,"2":1,"3":1,"4":1,"5":1,"6":1,"7":1,"8":1,"9":1,"10":1,"11":1,"12":1},"f":{"0":1},"b":{"0":[1,1,1]},"_coverageSchema":"332fd63041d2c1bcb487cc26dd0d5f7d97098a6c","hash":"bf4a1ec4557a9c02db527fb10b64998bdf9fca14"}
,"/Users/jason/personal/Development/redux-helpers/app-lazy-state/state/initial-state.js": {"path":"/Users/jason/personal/Development/redux-helpers/app-lazy-state/state/initial-state.js","statementMap":{"0":{"start":{"line":1,"column":16},"end":{"line":1,"column":50}},"1":{"start":{"line":2,"column":17},"end":{"line":2,"column":52}},"2":{"start":{"line":4,"column":0},"end":{"line":4,"column":39}}},"fnMap":{},"branchMap":{},"s":{"0":1,"1":1,"2":1},"f":{},"b":{},"_coverageSchema":"332fd63041d2c1bcb487cc26dd0d5f7d97098a6c","hash":"ceba8589c069a7a75ceb1b8e7760f1ab14299dbd"}
,"/Users/jason/personal/Development/redux-helpers/app-lazy-state/state/products/actions.js": {"path":"/Users/jason/personal/Development/redux-helpers/app-lazy-state/state/products/actions.js","statementMap":{"0":{"start":{"line":1,"column":33},"end":{"line":1,"column":53}},"1":{"start":{"line":3,"column":12},"end":{"line":3,"column":32}},"2":{"start":{"line":5,"column":16},"end":{"line":5,"column":53}},"3":{"start":{"line":7,"column":0},"end":{"line":7,"column":29}}},"fnMap":{},"branchMap":{},"s":{"0":2,"1":2,"2":2,"3":2},"f":{},"b":{},"_coverageSchema":"332fd63041d2c1bcb487cc26dd0d5f7d97098a6c","hash":"5dfa7153d32b62f41a519304a84238850b84d4fb"}
,"/Users/jason/personal/Development/redux-helpers/app-lazy-state/state/products/index.js": {"path":"/Users/jason/personal/Development/redux-helpers/app-lazy-state/state/products/index.js","statementMap":{"0":{"start":{"line":1,"column":30},"end":{"line":1,"column":50}},"1":{"start":{"line":3,"column":20},"end":{"line":3,"column":40}},"2":{"start":{"line":4,"column":21},"end":{"line":4,"column":47}},"3":{"start":{"line":5,"column":12},"end":{"line":5,"column":32}},"4":{"start":{"line":6,"column":18},"end":{"line":6,"column":40}},"5":{"start":{"line":8,"column":36},"end":{"line":12,"column":1}},"6":{"start":{"line":14,"column":0},"end":{"line":14,"column":62}}},"fnMap":{},"branchMap":{},"s":{"0":1,"1":1,"2":1,"3":1,"4":1,"5":1,"6":1},"f":{},"b":{},"_coverageSchema":"332fd63041d2c1bcb487cc26dd0d5f7d97098a6c","hash":"de473fc28df5def1f30060404d841450067117ea"}
,"/Users/jason/personal/Development/redux-helpers/app-lazy-state/state/products/initial-state.js": {"path":"/Users/jason/personal/Development/redux-helpers/app-lazy-state/state/products/initial-state.js","statementMap":{"0":{"start":{"line":1,"column":21},"end":{"line":3,"column":1}},"1":{"start":{"line":5,"column":0},"end":{"line":5,"column":30}}},"fnMap":{},"branchMap":{},"s":{"0":1,"1":1},"f":{},"b":{},"_coverageSchema":"332fd63041d2c1bcb487cc26dd0d5f7d97098a6c","hash":"e1b74c8e149121049a598e1b1fd6b8d3c589a7d9"}
,"/Users/jason/personal/Development/redux-helpers/app-lazy-state/state/products/reducer.js": {"path":"/Users/jason/personal/Development/redux-helpers/app-lazy-state/state/products/reducer.js","statementMap":{"0":{"start":{"line":2,"column":2},"end":{"line":5,"column":4}},"1":{"start":{"line":8,"column":0},"end":{"line":8,"column":32}}},"fnMap":{"0":{"name":"setProduct","decl":{"start":{"line":1,"column":9},"end":{"line":1,"column":19}},"loc":{"start":{"line":1,"column":49},"end":{"line":6,"column":1}},"line":1}},"branchMap":{},"s":{"0":1,"1":3},"f":{"0":1},"b":{},"_coverageSchema":"332fd63041d2c1bcb487cc26dd0d5f7d97098a6c","hash":"012105305e8920630296a49a1116991c66b96357"}
,"/Users/jason/personal/Development/redux-helpers/app-lazy-state/state/products/selectors.js": {"path":"/Users/jason/personal/Development/redux-helpers/app-lazy-state/state/products/selectors.js","statementMap":{"0":{"start":{"line":2,"column":2},"end":{"line":2,"column":39}},"1":{"start":{"line":5,"column":0},"end":{"line":5,"column":32}}},"fnMap":{"0":{"name":"getProduct","decl":{"start":{"line":1,"column":9},"end":{"line":1,"column":19}},"loc":{"start":{"line":1,"column":31},"end":{"line":3,"column":1}},"line":1}},"branchMap":{},"s":{"0":0,"1":1},"f":{"0":0},"b":{},"_coverageSchema":"332fd63041d2c1bcb487cc26dd0d5f7d97098a6c","hash":"7c84d865f737b84cb223537effbc475fe57f9a9c"}
,"/Users/jason/personal/Development/redux-helpers/app-lazy-state/state/session/actions.js": {"path":"/Users/jason/personal/Development/redux-helpers/app-lazy-state/state/session/actions.js","statementMap":{"0":{"start":{"line":1,"column":33},"end":{"line":1,"column":53}},"1":{"start":{"line":3,"column":12},"end":{"line":3,"column":32}},"2":{"start":{"line":5,"column":16},"end":{"line":5,"column":52}},"3":{"start":{"line":7,"column":0},"end":{"line":11,"column":2}},"4":{"start":{"line":7,"column":22},"end":{"line":11,"column":1}},"5":{"start":{"line":8,"column":2},"end":{"line":10,"column":4}},"6":{"start":{"line":9,"column":4},"end":{"line":9,"column":35}},"7":{"start":{"line":13,"column":0},"end":{"line":13,"column":29}}},"fnMap":{"0":{"name":"(anonymous_0)","decl":{"start":{"line":7,"column":16},"end":{"line":7,"column":17}},"loc":{"start":{"line":7,"column":22},"end":{"line":11,"column":1}},"line":7},"1":{"name":"(anonymous_1)","decl":{"start":{"line":7,"column":22},"end":{"line":7,"column":23}},"loc":{"start":{"line":7,"column":34},"end":{"line":11,"column":1}},"line":7},"2":{"name":"(anonymous_2)","decl":{"start":{"line":8,"column":67},"end":{"line":8,"column":68}},"loc":{"start":{"line":9,"column":4},"end":{"line":9,"column":35}},"line":9}},"branchMap":{},"s":{"0":3,"1":3,"2":3,"3":3,"4":3,"5":3,"6":3,"7":3},"f":{"0":3,"1":3,"2":3},"b":{},"_coverageSchema":"332fd63041d2c1bcb487cc26dd0d5f7d97098a6c","hash":"d779d1790d512374950cd10fd7967c378af5323c"}
,"/Users/jason/personal/Development/redux-helpers/app-lazy-state/state/session/index.js": {"path":"/Users/jason/personal/Development/redux-helpers/app-lazy-state/state/session/index.js","statementMap":{"0":{"start":{"line":1,"column":30},"end":{"line":1,"column":50}},"1":{"start":{"line":3,"column":20},"end":{"line":3,"column":40}},"2":{"start":{"line":4,"column":21},"end":{"line":4,"column":47}},"3":{"start":{"line":5,"column":12},"end":{"line":5,"column":32}},"4":{"start":{"line":6,"column":18},"end":{"line":6,"column":40}},"5":{"start":{"line":8,"column":36},"end":{"line":12,"column":1}},"6":{"start":{"line":14,"column":0},"end":{"line":14,"column":62}}},"fnMap":{},"branchMap":{},"s":{"0":2,"1":2,"2":2,"3":2,"4":2,"5":2,"6":2},"f":{},"b":{},"_coverageSchema":"332fd63041d2c1bcb487cc26dd0d5f7d97098a6c","hash":"ef5845a018156518f8270a4ea567e6c2b53a81b6"}
,"/Users/jason/personal/Development/redux-helpers/app-lazy-state/state/session/initial-state.js": {"path":"/Users/jason/personal/Development/redux-helpers/app-lazy-state/state/session/initial-state.js","statementMap":{"0":{"start":{"line":1,"column":21},"end":{"line":3,"column":1}},"1":{"start":{"line":5,"column":0},"end":{"line":5,"column":30}}},"fnMap":{},"branchMap":{},"s":{"0":2,"1":2},"f":{},"b":{},"_coverageSchema":"332fd63041d2c1bcb487cc26dd0d5f7d97098a6c","hash":"8623e05cc72cb22562435c525689700171d2837f"}
,"/Users/jason/personal/Development/redux-helpers/app-lazy-state/state/session/reducer.js": {"path":"/Users/jason/personal/Development/redux-helpers/app-lazy-state/state/session/reducer.js","statementMap":{"0":{"start":{"line":2,"column":2},"end":{"line":5,"column":4}},"1":{"start":{"line":8,"column":0},"end":{"line":8,"column":29}}},"fnMap":{"0":{"name":"setUser","decl":{"start":{"line":1,"column":9},"end":{"line":1,"column":16}},"loc":{"start":{"line":1,"column":43},"end":{"line":6,"column":1}},"line":1}},"branchMap":{},"s":{"0":3,"1":4},"f":{"0":3},"b":{},"_coverageSchema":"332fd63041d2c1bcb487cc26dd0d5f7d97098a6c","hash":"4b1e3bb83aacfe72d85cb01e6408f5738caa4513"}
,"/Users/jason/personal/Development/redux-helpers/app-lazy-state/state/session/selectors.js": {"path":"/Users/jason/personal/Development/redux-helpers/app-lazy-state/state/session/selectors.js","statementMap":{"0":{"start":{"line":2,"column":2},"end":{"line":2,"column":29}},"1":{"start":{"line":6,"column":2},"end":{"line":6,"column":38}},"2":{"start":{"line":10,"column":2},"end":{"line":10,"column":34}},"3":{"start":{"line":13,"column":0},"end":{"line":13,"column":34}}},"fnMap":{"0":{"name":"getSession","decl":{"start":{"line":1,"column":9},"end":{"line":1,"column":19}},"loc":{"start":{"line":1,"column":27},"end":{"line":3,"column":1}},"line":1},"1":{"name":"getUser","decl":{"start":{"line":5,"column":9},"end":{"line":5,"column":16}},"loc":{"start":{"line":5,"column":24},"end":{"line":7,"column":1}},"line":5},"2":{"name":"getFirstname","decl":{"start":{"line":9,"column":9},"end":{"line":9,"column":21}},"loc":{"start":{"line":9,"column":29},"end":{"line":11,"column":1}},"line":9}},"branchMap":{"0":{"loc":{"start":{"line":2,"column":9},"end":{"line":2,"column":28}},"type":"binary-expr","locations":[{"start":{"line":2,"column":9},"end":{"line":2,"column":22}},{"start":{"line":2,"column":26},"end":{"line":2,"column":28}}],"line":2},"1":{"loc":{"start":{"line":6,"column":9},"end":{"line":6,"column":37}},"type":"binary-expr","locations":[{"start":{"line":6,"column":9},"end":{"line":6,"column":31}},{"start":{"line":6,"column":35},"end":{"line":6,"column":37}}],"line":6}},"s":{"0":2,"1":2,"2":2,"3":2},"f":{"0":2,"1":2,"2":2},"b":{"0":[2,0],"1":[2,1]},"_coverageSchema":"332fd63041d2c1bcb487cc26dd0d5f7d97098a6c","hash":"a4d06b3320c8ebb11336b1b1334c4940c3423484"}
,"/Users/jason/personal/Development/redux-helpers/app/state/logger.js": {"path":"/Users/jason/personal/Development/redux-helpers/app/state/logger.js","statementMap":{"0":{"start":{"line":1,"column":0},"end":{"line":5,"column":2}},"1":{"start":{"line":4,"column":2},"end":{"line":4,"column":28}}},"fnMap":{"0":{"name":"(anonymous_0)","decl":{"start":{"line":1,"column":17},"end":{"line":1,"column":18}},"loc":{"start":{"line":1,"column":41},"end":{"line":5,"column":1}},"line":1}},"branchMap":{"0":{"loc":{"start":{"line":1,"column":18},"end":{"line":1,"column":28}},"type":"default-arg","locations":[{"start":{"line":1,"column":26},"end":{"line":1,"column":28}}],"line":1}},"s":{"0":1,"1":4},"f":{"0":4},"b":{"0":[3]},"_coverageSchema":"332fd63041d2c1bcb487cc26dd0d5f7d97098a6c","hash":"737ffd5cc2f628ec38bd5e12f754d0e04d0a0f17"}
,"/Users/jason/personal/Development/redux-helpers/app/state/session/actions.js": {"path":"/Users/jason/personal/Development/redux-helpers/app/state/session/actions.js","statementMap":{"0":{"start":{"line":1,"column":33},"end":{"line":1,"column":53}},"1":{"start":{"line":3,"column":12},"end":{"line":3,"column":32}},"2":{"start":{"line":5,"column":16},"end":{"line":5,"column":52}},"3":{"start":{"line":7,"column":0},"end":{"line":11,"column":2}},"4":{"start":{"line":7,"column":22},"end":{"line":11,"column":1}},"5":{"start":{"line":8,"column":2},"end":{"line":10,"column":4}},"6":{"start":{"line":9,"column":4},"end":{"line":9,"column":35}},"7":{"start":{"line":13,"column":0},"end":{"line":13,"column":29}}},"fnMap":{"0":{"name":"(anonymous_0)","decl":{"start":{"line":7,"column":16},"end":{"line":7,"column":17}},"loc":{"start":{"line":7,"column":22},"end":{"line":11,"column":1}},"line":7},"1":{"name":"(anonymous_1)","decl":{"start":{"line":7,"column":22},"end":{"line":7,"column":23}},"loc":{"start":{"line":7,"column":34},"end":{"line":11,"column":1}},"line":7},"2":{"name":"(anonymous_2)","decl":{"start":{"line":8,"column":67},"end":{"line":8,"column":68}},"loc":{"start":{"line":9,"column":4},"end":{"line":9,"column":35}},"line":9}},"branchMap":{},"s":{"0":3,"1":3,"2":3,"3":3,"4":3,"5":3,"6":3,"7":3},"f":{"0":3,"1":3,"2":3},"b":{},"_coverageSchema":"332fd63041d2c1bcb487cc26dd0d5f7d97098a6c","hash":"249a7569b43fb55010484b159d2b4c07fad3d31c"}
,"/Users/jason/personal/Development/redux-helpers/app/state/session/index.js": {"path":"/Users/jason/personal/Development/redux-helpers/app/state/session/index.js","statementMap":{"0":{"start":{"line":1,"column":26},"end":{"line":1,"column":46}},"1":{"start":{"line":3,"column":20},"end":{"line":3,"column":40}},"2":{"start":{"line":4,"column":12},"end":{"line":4,"column":32}},"3":{"start":{"line":5,"column":18},"end":{"line":5,"column":40}},"4":{"start":{"line":7,"column":21},"end":{"line":9,"column":1}},"5":{"start":{"line":11,"column":36},"end":{"line":11,"column":79}},"6":{"start":{"line":13,"column":0},"end":{"line":13,"column":62}}},"fnMap":{},"branchMap":{},"s":{"0":2,"1":2,"2":2,"3":2,"4":2,"5":2,"6":2},"f":{},"b":{},"_coverageSchema":"332fd63041d2c1bcb487cc26dd0d5f7d97098a6c","hash":"4db2cf965e8188941393dbe85d7e1aae2cf6720b"}
,"/Users/jason/personal/Development/redux-helpers/app/state/session/reducer.js": {"path":"/Users/jason/personal/Development/redux-helpers/app/state/session/reducer.js","statementMap":{"0":{"start":{"line":2,"column":2},"end":{"line":5,"column":4}},"1":{"start":{"line":8,"column":0},"end":{"line":8,"column":29}}},"fnMap":{"0":{"name":"setUser","decl":{"start":{"line":1,"column":9},"end":{"line":1,"column":16}},"loc":{"start":{"line":1,"column":43},"end":{"line":6,"column":1}},"line":1}},"branchMap":{},"s":{"0":3,"1":4},"f":{"0":3},"b":{},"_coverageSchema":"332fd63041d2c1bcb487cc26dd0d5f7d97098a6c","hash":"b604036090d877e9bbf57ac72dca15eb6de9640c"}
,"/Users/jason/personal/Development/redux-helpers/app/state/session/selectors.js": {"path":"/Users/jason/personal/Development/redux-helpers/app/state/session/selectors.js","statementMap":{"0":{"start":{"line":2,"column":2},"end":{"line":2,"column":29}},"1":{"start":{"line":6,"column":2},"end":{"line":6,"column":38}},"2":{"start":{"line":10,"column":2},"end":{"line":10,"column":34}},"3":{"start":{"line":13,"column":0},"end":{"line":13,"column":34}}},"fnMap":{"0":{"name":"getSession","decl":{"start":{"line":1,"column":9},"end":{"line":1,"column":19}},"loc":{"start":{"line":1,"column":27},"end":{"line":3,"column":1}},"line":1},"1":{"name":"getUser","decl":{"start":{"line":5,"column":9},"end":{"line":5,"column":16}},"loc":{"start":{"line":5,"column":24},"end":{"line":7,"column":1}},"line":5},"2":{"name":"getFirstname","decl":{"start":{"line":9,"column":9},"end":{"line":9,"column":21}},"loc":{"start":{"line":9,"column":29},"end":{"line":11,"column":1}},"line":9}},"branchMap":{"0":{"loc":{"start":{"line":2,"column":9},"end":{"line":2,"column":28}},"type":"binary-expr","locations":[{"start":{"line":2,"column":9},"end":{"line":2,"column":22}},{"start":{"line":2,"column":26},"end":{"line":2,"column":28}}],"line":2},"1":{"loc":{"start":{"line":6,"column":9},"end":{"line":6,"column":37}},"type":"binary-expr","locations":[{"start":{"line":6,"column":9},"end":{"line":6,"column":31}},{"start":{"line":6,"column":35},"end":{"line":6,"column":37}}],"line":6}},"s":{"0":2,"1":2,"2":2,"3":2},"f":{"0":2,"1":2,"2":2},"b":{"0":[2,0],"1":[2,1]},"_coverageSchema":"332fd63041d2c1bcb487cc26dd0d5f7d97098a6c","hash":"457adffed8d7654878f2d61a31c613db01ca33d9"}
}
