TN:
SF:/Users/jason/personal/Development/redux-helpers/action-type-creator.js
FN:1,(anonymous_0)
FN:1,(anonymous_1)
FNF:2
FNH:2
FNDA:18,(anonymous_0)
FNDA:17,(anonymous_1)
DA:1,18
DA:3,11
LF:2
LH:2
BRF:0
BRH:0
end_of_record
TN:
SF:/Users/jason/personal/Development/redux-helpers/create-action-creators.js
FN:3,createActionCreators
FN:8,(anonymous_1)
FNF:2
FNH:2
FNDA:9,createActionCreators
FNDA:10,(anonymous_1)
DA:1,8
DA:4,9
DA:5,9
DA:6,9
DA:7,9
DA:8,9
DA:9,10
DA:10,0
DA:12,10
DA:15,9
DA:18,8
LF:11
LH:10
BRDA:9,0,0,0
BRDA:9,0,1,10
BRF:2
BRH:1
end_of_record
TN:
SF:/Users/jason/personal/Development/redux-helpers/create-lazy-reducer.js
FN:4,createLazyReducer
FNF:1
FNH:1
FNDA:4,createLazyReducer
DA:1,8
DA:2,8
DA:5,4
DA:11,4
DA:13,4
DA:16,8
LF:6
LH:6
BRF:0
BRH:0
end_of_record
TN:
SF:/Users/jason/personal/Development/redux-helpers/create-lazy-store.js
FN:6,(anonymous_0)
FN:9,(anonymous_1)
FN:11,(anonymous_2)
FN:47,createLazyStore
FN:52,(anonymous_4)
FNF:5
FNH:5
FNDA:3,(anonymous_0)
FNDA:4,(anonymous_1)
FNDA:3,(anonymous_2)
FNDA:2,createLazyStore
FNDA:1,(anonymous_4)
DA:1,7
DA:3,7
DA:6,7
DA:7,3
DA:8,3
DA:9,3
DA:10,4
DA:11,3
DA:14,3
DA:48,2
DA:49,2
DA:52,2
DA:53,1
DA:56,2
DA:59,7
LF:15
LH:15
BRDA:10,0,0,1
BRDA:10,0,1,3
BRDA:11,1,0,2
BRF:3
BRH:3
end_of_record
TN:
SF:/Users/jason/personal/Development/redux-helpers/create-reducer.js
FN:5,getReducerAndActionTypes
FN:19,createReducer
FNF:2
FNH:2
FNDA:7,getReducerAndActionTypes
FNDA:3,createReducer
DA:1,9
DA:2,9
DA:3,9
DA:6,7
DA:7,7
DA:8,7
DA:9,7
DA:10,7
DA:11,7
DA:12,7
DA:13,7
DA:15,7
DA:16,7
DA:20,3
DA:25,3
DA:28,9
LF:16
LH:16
BRF:0
BRH:0
end_of_record
TN:
SF:/Users/jason/personal/Development/redux-helpers/create-slice-reducer.js
FN:1,createSliceReducer
FN:2,reducer
FNF:2
FNH:2
FNDA:8,createSliceReducer
FNDA:26,reducer
DA:2,8
DA:3,26
DA:4,26
DA:5,0
DA:7,26
DA:8,19
DA:10,7
DA:14,10
LF:8
LH:7
BRDA:2,0,0,15
BRDA:4,1,0,0
BRDA:4,1,1,26
BRDA:7,2,0,19
BRDA:7,2,1,7
BRDA:7,3,0,26
BRDA:7,3,1,26
BRF:7
BRH:6
end_of_record
TN:
SF:/Users/jason/personal/Development/redux-helpers/create-store.js
FN:39,createStore
FNF:1
FNH:1
FNDA:2,createStore
DA:1,7
DA:40,2
DA:41,2
DA:42,2
DA:45,7
LF:5
LH:5
BRF:0
BRH:0
end_of_record
TN:
SF:/Users/jason/personal/Development/redux-helpers/fn-name-to-action-name.js
FN:1,fnNameToActionName
FN:2,(anonymous_1)
FNF:2
FNH:2
FNDA:11,fnNameToActionName
FNDA:13,(anonymous_1)
DA:2,13
DA:5,10
LF:2
LH:2
BRF:0
BRH:0
end_of_record
TN:
SF:/Users/jason/personal/Development/redux-helpers/index.js
FNF:0
FNH:0
DA:1,7
DA:2,7
DA:3,7
DA:4,7
DA:5,7
DA:6,7
DA:7,7
DA:8,7
DA:9,7
DA:11,7
LF:10
LH:10
BRF:0
BRH:0
end_of_record
TN:
SF:/Users/jason/personal/Development/redux-helpers/reducer-registry.js
FN:2,(anonymous_0)
FN:7,(anonymous_1)
FN:11,(anonymous_2)
FN:18,(anonymous_3)
FNF:4
FNH:4
FNDA:8,(anonymous_0)
FNDA:3,(anonymous_1)
FNDA:4,(anonymous_2)
FNDA:2,(anonymous_3)
DA:3,8
DA:4,8
DA:8,3
DA:12,4
DA:13,4
DA:14,1
DA:19,2
DA:23,8
DA:25,8
LF:9
LH:9
BRDA:13,0,0,1
BRDA:13,0,1,3
BRF:2
BRH:2
end_of_record
TN:
SF:/Users/jason/personal/Development/redux-helpers/app/app.js
FN:7,(anonymous_0)
FN:13,(anonymous_1)
FN:17,(anonymous_2)
FNF:3
FNH:3
FNDA:2,(anonymous_0)
FNDA:1,(anonymous_1)
FNDA:2,(anonymous_2)
DA:1,1
DA:2,1
DA:4,1
DA:5,1
DA:7,1
DA:8,2
DA:10,1
DA:14,1
DA:18,2
DA:22,1
DA:27,1
LF:11
LH:11
BRDA:18,0,0,2
BRDA:18,0,1,1
BRF:2
BRH:2
end_of_record
TN:
SF:/Users/jason/personal/Development/redux-helpers/app/index.js
FN:22,(anonymous_0)
FNF:1
FNH:1
FNDA:1,(anonymous_0)
DA:1,1
DA:2,1
DA:3,1
DA:4,1
DA:5,1
DA:7,1
DA:9,1
DA:10,1
DA:13,1
DA:17,1
DA:22,1
DA:24,1
LF:12
LH:12
BRDA:13,0,0,1
BRDA:13,0,1,1
BRDA:13,0,2,1
BRF:3
BRH:3
end_of_record
TN:
SF:/Users/jason/personal/Development/redux-helpers/app-lazy-state/app.js
FN:7,(anonymous_0)
FN:13,(anonymous_1)
FN:18,(anonymous_2)
FNF:3
FNH:3
FNDA:2,(anonymous_0)
FNDA:1,(anonymous_1)
FNDA:2,(anonymous_2)
DA:1,1
DA:2,1
DA:4,1
DA:5,1
DA:7,1
DA:8,2
DA:10,1
DA:14,1
DA:15,1
DA:19,2
DA:23,1
DA:28,1
LF:12
LH:12
BRDA:19,0,0,2
BRDA:19,0,1,1
BRF:2
BRH:2
end_of_record
TN:
SF:/Users/jason/personal/Development/redux-helpers/app-lazy-state/index.js
FN:23,(anonymous_0)
FNF:1
FNH:1
FNDA:1,(anonymous_0)
DA:1,1
DA:2,1
DA:3,1
DA:4,1
DA:5,1
DA:7,1
DA:9,1
DA:11,1
DA:14,1
DA:18,1
DA:23,1
DA:25,1
LF:12
LH:12
BRDA:14,0,0,1
BRDA:14,0,1,1
BRDA:14,0,2,1
BRF:3
BRH:3
end_of_record
TN:
SF:/Users/jason/personal/Development/redux-helpers/app-lazy-state/state/initial-state.js
FNF:0
FNH:0
DA:1,1
DA:2,1
DA:4,1
LF:3
LH:3
BRF:0
BRH:0
end_of_record
TN:
SF:/Users/jason/personal/Development/redux-helpers/app-lazy-state/state/products/actions.js
FNF:0
FNH:0
DA:1,2
DA:3,2
DA:5,2
DA:7,2
LF:4
LH:4
BRF:0
BRH:0
end_of_record
TN:
SF:/Users/jason/personal/Development/redux-helpers/app-lazy-state/state/products/index.js
FNF:0
FNH:0
DA:1,1
DA:3,1
DA:4,1
DA:5,1
DA:6,1
DA:8,1
DA:14,1
LF:7
LH:7
BRF:0
BRH:0
end_of_record
TN:
SF:/Users/jason/personal/Development/redux-helpers/app-lazy-state/state/products/initial-state.js
FNF:0
FNH:0
DA:1,1
DA:5,1
LF:2
LH:2
BRF:0
BRH:0
end_of_record
TN:
SF:/Users/jason/personal/Development/redux-helpers/app-lazy-state/state/products/reducer.js
FN:1,setProduct
FNF:1
FNH:1
FNDA:1,setProduct
DA:2,1
DA:8,3
LF:2
LH:2
BRF:0
BRH:0
end_of_record
TN:
SF:/Users/jason/personal/Development/redux-helpers/app-lazy-state/state/products/selectors.js
FN:1,getProduct
FNF:1
FNH:0
FNDA:0,getProduct
DA:2,0
DA:5,1
LF:2
LH:1
BRF:0
BRH:0
end_of_record
TN:
SF:/Users/jason/personal/Development/redux-helpers/app-lazy-state/state/session/actions.js
FN:7,(anonymous_0)
FN:7,(anonymous_1)
FN:8,(anonymous_2)
FNF:3
FNH:3
FNDA:3,(anonymous_0)
FNDA:3,(anonymous_1)
FNDA:3,(anonymous_2)
DA:1,3
DA:3,3
DA:5,3
DA:7,3
DA:8,3
DA:9,3
DA:13,3
LF:7
LH:7
BRF:0
BRH:0
end_of_record
TN:
SF:/Users/jason/personal/Development/redux-helpers/app-lazy-state/state/session/index.js
FNF:0
FNH:0
DA:1,2
DA:3,2
DA:4,2
DA:5,2
DA:6,2
DA:8,2
DA:14,2
LF:7
LH:7
BRF:0
BRH:0
end_of_record
TN:
SF:/Users/jason/personal/Development/redux-helpers/app-lazy-state/state/session/initial-state.js
FNF:0
FNH:0
DA:1,2
DA:5,2
LF:2
LH:2
BRF:0
BRH:0
end_of_record
TN:
SF:/Users/jason/personal/Development/redux-helpers/app-lazy-state/state/session/reducer.js
FN:1,setUser
FNF:1
FNH:1
FNDA:3,setUser
DA:2,3
DA:8,4
LF:2
LH:2
BRF:0
BRH:0
end_of_record
TN:
SF:/Users/jason/personal/Development/redux-helpers/app-lazy-state/state/session/selectors.js
FN:1,getSession
FN:5,getUser
FN:9,getFirstname
FNF:3
FNH:3
FNDA:2,getSession
FNDA:2,getUser
FNDA:2,getFirstname
DA:2,2
DA:6,2
DA:10,2
DA:13,2
LF:4
LH:4
BRDA:2,0,0,2
BRDA:2,0,1,0
BRDA:6,1,0,2
BRDA:6,1,1,1
BRF:4
BRH:3
end_of_record
TN:
SF:/Users/jason/personal/Development/redux-helpers/app/state/logger.js
FN:1,(anonymous_0)
FNF:1
FNH:1
FNDA:4,(anonymous_0)
DA:1,1
DA:4,4
LF:2
LH:2
BRDA:1,0,0,3
BRF:1
BRH:1
end_of_record
TN:
SF:/Users/jason/personal/Development/redux-helpers/app/state/session/actions.js
FN:7,(anonymous_0)
FN:7,(anonymous_1)
FN:8,(anonymous_2)
FNF:3
FNH:3
FNDA:3,(anonymous_0)
FNDA:3,(anonymous_1)
FNDA:3,(anonymous_2)
DA:1,3
DA:3,3
DA:5,3
DA:7,3
DA:8,3
DA:9,3
DA:13,3
LF:7
LH:7
BRF:0
BRH:0
end_of_record
TN:
SF:/Users/jason/personal/Development/redux-helpers/app/state/session/index.js
FNF:0
FNH:0
DA:1,2
DA:3,2
DA:4,2
DA:5,2
DA:7,2
DA:11,2
DA:13,2
LF:7
LH:7
BRF:0
BRH:0
end_of_record
TN:
SF:/Users/jason/personal/Development/redux-helpers/app/state/session/reducer.js
FN:1,setUser
FNF:1
FNH:1
FNDA:3,setUser
DA:2,3
DA:8,4
LF:2
LH:2
BRF:0
BRH:0
end_of_record
TN:
SF:/Users/jason/personal/Development/redux-helpers/app/state/session/selectors.js
FN:1,getSession
FN:5,getUser
FN:9,getFirstname
FNF:3
FNH:3
FNDA:2,getSession
FNDA:2,getUser
FNDA:2,getFirstname
DA:2,2
DA:6,2
DA:10,2
DA:13,2
LF:4
LH:4
BRDA:2,0,0,2
BRDA:2,0,1,0
BRDA:6,1,0,2
BRDA:6,1,1,1
BRF:4
BRH:3
end_of_record
